<?xml version="1.0" encoding="UTF-8"?>
<!-- Generated by org.testng.reporters.JUnitReportReporter -->
<testsuite hostname="DESKTOP-3NQPI56" name="com.sangam.tests.TC001_VerifyErrorMessageForDOBAndCommunity" tests="1" failures="0" timestamp="6 May 2020 15:01:58 GMT" time="12.551" errors="0">
  <testcase name="TestStep01_UserVerifyErrorMessageForDOBAndCommunity" time="12.551" classname="com.sangam.tests.TC001_VerifyErrorMessageForDOBAndCommunity"/>
</testsuite> <!-- com.sangam.tests.TC001_VerifyErrorMessageForDOBAndCommunity -->
