<?xml version="1.0" encoding="UTF-8"?>
<!-- Generated by org.testng.reporters.JUnitReportReporter -->
<testsuite hostname="DESKTOP-3NQPI56" name="com.sangam.tests.VerifyErrorMessageForDOBAndCommunity" tests="1" failures="0" timestamp="6 May 2020 11:07:08 GMT" time="12.431" errors="0">
  <testcase name="TestStep01_UserVerifyErrorMessageForDOBAndCommunity" time="12.431" classname="com.sangam.tests.VerifyErrorMessageForDOBAndCommunity"/>
</testsuite> <!-- com.sangam.tests.VerifyErrorMessageForDOBAndCommunity -->
