<?xml version="1.0" encoding="UTF-8"?>
<!-- Generated by org.testng.reporters.JUnitReportReporter -->
<testsuite hostname="DESKTOP-3NQPI56" name="com.sangam.tests.TC002_SubmitInformationAndVerifyEmailView" tests="2" failures="0" timestamp="6 May 2020 15:01:58 GMT" time="17.415" errors="0">
  <testcase name="StepTC002_verifyUserIsOnEmailAccountView" time="2.233" classname="com.sangam.tests.TC002_SubmitInformationAndVerifyEmailView"/>
  <testcase name="StepTC001_submitRegistrationDetails" time="15.182" classname="com.sangam.tests.TC002_SubmitInformationAndVerifyEmailView"/>
</testsuite> <!-- com.sangam.tests.TC002_SubmitInformationAndVerifyEmailView -->
